*** Using Compiler 'V5.06 update 7 (build 960)', folder: 'E:\Keil\ARM\ARMCC\Bin'
Rebuild target 'tactileSensorCode'
assembling startup_stm32f103xe.s...
compiling gpio.c...
../Src/gpio.c(74): warning:  #188-D: enumerated type mixed with another type
  	HAL_GPIO_WritePin(GPIOB,GPIO_PIN_12,A);
../Src/gpio.c(75): warning:  #188-D: enumerated type mixed with another type
  	HAL_GPIO_WritePin(GPIOB,GPIO_PIN_13,B);
../Src/gpio.c(76): warning:  #188-D: enumerated type mixed with another type
  	HAL_GPIO_WritePin(GPIOB,GPIO_PIN_14,C);
../Src/gpio.c(77): warning:  #188-D: enumerated type mixed with another type
  	HAL_GPIO_WritePin(GPIOB,GPIO_PIN_15,D);
../Src/gpio.c: 4 warnings, 0 errors
compiling stm32f1xx_hal_gpio_ex.c...
compiling stm32f1xx_hal_cortex.c...
compiling stm32f1xx_hal_msp.c...
compiling stm32f1xx_hal_rcc_ex.c...
compiling stm32f1xx_hal_adc.c...
compiling stm32f1xx_it.c...
compiling stm32f1xx_hal_flash_ex.c...
compiling stm32f1xx_hal_pwr.c...
compiling tim.c...
compiling dma.c...
compiling usart.c...
compiling stm32f1xx_hal.c...
compiling stm32f1xx_hal_exti.c...
compiling stm32f1xx_hal_flash.c...
compiling wifi.c...
wifi.c(62): warning:  #177-D: variable "p"  was declared but never referenced
  	u8 *p=cmd;
wifi.c: 1 warning, 0 errors
compiling stm32f1xx_hal_adc_ex.c...
compiling stm32f1xx_hal_gpio.c...
compiling main.c...
../Src/main.c(120): warning:  #188-D: enumerated type mixed with another type
  	HAL_GPIO_WritePin(GPIOB,LED1_Pin,0);
../Src/main.c(131): warning:  #128-D: loop is not reachable
  while(1)
../Src/main.c(167): warning:  #128-D: loop is not reachable
  	while(0)
../Src/main.c(279): warning:  #188-D: enumerated type mixed with another type
  		HAL_GPIO_WritePin(GPIOB,LED3_Pin,0);
../Src/main.c(282): warning:  #188-D: enumerated type mixed with another type
  				HAL_GPIO_WritePin(GPIOB,LED3_Pin,1);
../Src/main.c: 5 warnings, 0 errors
compiling adc.c...
compiling stm32f1xx_hal_dma.c...
compiling stm32f1xx_hal_rcc.c...
compiling stm32f1xx_hal_tim_ex.c...
compiling stm32f1xx_hal_tim.c...
compiling stm32f1xx_hal_uart.c...
compiling system_stm32f1xx.c...
linking...
Program Size: Code=11552 RO-data=380 RW-data=36 ZI-data=3044  
FromELF: creating hex file...
"tactileSensorCode\tactileSensorCode.axf" - 0 Error(s), 10 Warning(s).
Build Time Elapsed:  00:00:13
